<?xml version="1.0" encoding="UTF-8"?>
<!-- Generated by org.testng.reporters.JUnitReportReporter -->
<testsuite skipped="0" hostname="LFR025382" name="TestNgBasics.GoogleTest" tests="2" failures="0" timestamp="15 janv. 2019 13:52:20 GMT" time="28.386" errors="0">
  <testcase name="MyTest1" time="15.395" classname="TestNgBasics.GoogleTest"/>
  <testcase name="MyTest2" time="12.991" classname="TestNgBasics.GoogleTest"/>
</testsuite> <!-- TestNgBasics.GoogleTest -->
