<?xml version="1.0" encoding="UTF-8"?>
<!-- Generated by org.testng.reporters.JUnitReportReporter -->
<testsuite skipped="4" hostname="LFR025382" name="Test.Test_1" tests="5" failures="0" timestamp="21 janv. 2019 10:06:41 GMT" time="60.916" errors="0">
  <testcase name="Test_Creation_Pnr_AF" time="60.916" classname="Test.Test_1"/>
  <testcase name="Test_Deposer_Annonce_Bon_Coin" classname="Test.Test_1">
    <skipped/>
  </testcase> <!-- Test_Deposer_Annonce_Bon_Coin -->
  <testcase name="Test_Recherche_Bon_Coin" classname="Test.Test_1">
    <skipped/>
  </testcase> <!-- Test_Recherche_Bon_Coin -->
  <testcase name="Test_Scroll" classname="Test.Test_1">
    <skipped/>
  </testcase> <!-- Test_Scroll -->
  <testcase name="Test_Creation_Compte_Bon_Coin" classname="Test.Test_1">
    <skipped/>
  </testcase> <!-- Test_Creation_Compte_Bon_Coin -->
</testsuite> <!-- Test.Test_1 -->
